2022-12-07 19:45:47,453 INFO org.springframework.boot.StartupInfoLogger [restartedMain] Starting Application on DESKTOP-BQUCFV9 with PID 14476 (started by Paula F Kaminski in C:\Users\Paula F Kaminski\Desktop\DEVinHouse\Módulo 02\Exercícios entregar\semana11\agenda-clamed)
2022-12-07 19:45:47,469 INFO org.springframework.boot.SpringApplication [restartedMain] No active profile set, falling back to default profiles: default
2022-12-07 19:45:47,631 INFO org.springframework.boot.logging.DeferredLog [restartedMain] Devtools property defaults active! Set 'spring.devtools.add-properties' to 'false' to disable
2022-12-07 19:45:47,633 INFO org.springframework.boot.logging.DeferredLog [restartedMain] For additional web related logging consider setting the 'logging.level.web' property to 'DEBUG'
2022-12-07 19:45:49,770 INFO org.springframework.data.repository.config.RepositoryConfigurationDelegate [restartedMain] Bootstrapping Spring Data repositories in DEFAULT mode.
2022-12-07 19:45:49,895 INFO org.springframework.data.repository.config.RepositoryConfigurationDelegate [restartedMain] Finished Spring Data repository scanning in 102ms. Found 1 repository interfaces.
2022-12-07 19:45:50,500 INFO org.springframework.context.support.PostProcessorRegistrationDelegate$BeanPostProcessorChecker [restartedMain] Bean 'org.springframework.transaction.annotation.ProxyTransactionManagementConfiguration' of type [org.springframework.transaction.annotation.ProxyTransactionManagementConfiguration$$EnhancerBySpringCGLIB$$8c5f5d87] is not eligible for getting processed by all BeanPostProcessors (for example: not eligible for auto-proxying)
2022-12-07 19:45:51,115 INFO org.springframework.boot.web.embedded.tomcat.TomcatWebServer [restartedMain] Tomcat initialized with port(s): 8000 (http)
2022-12-07 19:45:51,151 INFO org.apache.juli.logging.DirectJDKLog [restartedMain] Starting service [Tomcat]
2022-12-07 19:45:51,152 INFO org.apache.juli.logging.DirectJDKLog [restartedMain] Starting Servlet Engine: Apache Tomcat/9.0.13
2022-12-07 19:45:51,171 INFO org.apache.juli.logging.DirectJDKLog [restartedMain] The APR based Apache Tomcat Native library which allows optimal performance in production environments was not found on the java.library.path: [C:\Users\Paula F Kaminski\.jdks\corretto-17.0.4.1\bin;C:\WINDOWS\Sun\Java\bin;C:\WINDOWS\system32;C:\WINDOWS;C:\Program Files (x86)\Common Files\Oracle\Java\javapath;C:\WINDOWS\system32;C:\WINDOWS;C:\WINDOWS\System32\Wbem;C:\WINDOWS\System32\WindowsPowerShell\v1.0\;C:\WINDOWS\System32\OpenSSH\;C:\Program Files\Git\cmd;C:\Program Files\nodejs\;C:\Users\Paula F Kaminski\AppData\Local\Microsoft\WindowsApps;C:\Users\Paula F Kaminski\AppData\Local\atom\bin;C:\Users\Paula F Kaminski\AppData\Local\Programs\Microsoft VS Code\bin;C:\Users\Paula F Kaminski\AppData\Roaming\npm;C:\Program Files\JetBrains\IntelliJ IDEA 2022.2.2\bin;;.]
2022-12-07 19:45:51,343 INFO org.apache.juli.logging.DirectJDKLog [restartedMain] Initializing Spring embedded WebApplicationContext
2022-12-07 19:45:51,345 INFO org.springframework.boot.web.servlet.context.ServletWebServerApplicationContext [restartedMain] Root WebApplicationContext: initialization completed in 3710 ms
2022-12-07 19:45:51,632 INFO com.zaxxer.hikari.HikariDataSource [restartedMain] HikariPool-1 - Starting...
2022-12-07 19:45:51,960 INFO com.zaxxer.hikari.HikariDataSource [restartedMain] HikariPool-1 - Start completed.
2022-12-07 19:45:52,029 INFO org.hibernate.jpa.internal.util.LogHelper [restartedMain] HHH000204: Processing PersistenceUnitInfo [
	name: default
	...]
2022-12-07 19:45:52,193 INFO org.hibernate.Version [restartedMain] HHH000412: Hibernate Core {5.3.7.Final}
2022-12-07 19:45:52,202 INFO org.hibernate.cfg.Environment [restartedMain] HHH000206: hibernate.properties not found
2022-12-07 19:45:52,518 INFO org.hibernate.annotations.common.reflection.java.JavaReflectionManager [restartedMain] HCANN000001: Hibernate Commons Annotations {5.0.4.Final}
2022-12-07 19:45:52,848 INFO org.hibernate.dialect.Dialect [restartedMain] HHH000400: Using dialect: org.hibernate.dialect.PostgreSQL9Dialect
2022-12-07 19:45:52,877 INFO org.hibernate.engine.jdbc.env.internal.LobCreatorBuilderImpl [restartedMain] HHH000422: Disabling contextual LOB creation as connection was null
2022-12-07 19:45:52,889 INFO org.hibernate.type.BasicTypeRegistry [restartedMain] HHH000270: Type registration [java.util.UUID] overrides previous : org.hibernate.type.UUIDBinaryType@20b91979
2022-12-07 19:45:54,040 INFO org.springframework.orm.jpa.AbstractEntityManagerFactoryBean [restartedMain] Initialized JPA EntityManagerFactory for persistence unit 'default'
2022-12-07 19:45:54,123 INFO org.springframework.boot.devtools.autoconfigure.OptionalLiveReloadServer [restartedMain] LiveReload server is running on port 35729
2022-12-07 19:45:54,536 INFO org.hibernate.hql.internal.QueryTranslatorFactoryInitiator [restartedMain] HHH000397: Using ASTQueryTranslatorFactory
2022-12-07 19:45:54,925 INFO org.springframework.scheduling.concurrent.ExecutorConfigurationSupport [restartedMain] Initializing ExecutorService 'applicationTaskExecutor'
2022-12-07 19:45:54,995 WARN org.springframework.boot.autoconfigure.orm.jpa.JpaBaseConfiguration$JpaWebConfiguration$JpaWebMvcConfiguration [restartedMain] spring.jpa.open-in-view is enabled by default. Therefore, database queries may be performed during view rendering. Explicitly configure spring.jpa.open-in-view to disable this warning
2022-12-07 19:45:55,267 INFO org.springframework.boot.web.embedded.tomcat.TomcatWebServer [restartedMain] Tomcat started on port(s): 8000 (http) with context path ''
2022-12-07 19:45:55,273 INFO org.springframework.boot.StartupInfoLogger [restartedMain] Started Application in 8.753 seconds (JVM running for 13.959)
2022-12-07 19:47:27,318 INFO ? [http-nio-0.0.0.0-8000-exec-2] Initializing Spring DispatcherServlet 'dispatcherServlet'
2022-12-07 19:47:27,319 INFO org.springframework.web.servlet.FrameworkServlet [http-nio-0.0.0.0-8000-exec-2] Initializing Servlet 'dispatcherServlet'
2022-12-07 19:47:27,333 INFO org.springframework.web.servlet.FrameworkServlet [http-nio-0.0.0.0-8000-exec-2] Completed initialization in 13 ms
2022-12-07 19:48:02,691 INFO ? [Thread-9] Shutting down ExecutorService 'applicationTaskExecutor'
2022-12-07 19:48:02,696 INFO org.springframework.orm.jpa.AbstractEntityManagerFactoryBean [Thread-9] Closing JPA EntityManagerFactory for persistence unit 'default'
2022-12-07 19:48:02,701 INFO com.zaxxer.hikari.HikariDataSource [Thread-9] HikariPool-1 - Shutdown initiated...
2022-12-07 19:48:02,790 INFO com.zaxxer.hikari.HikariDataSource [Thread-9] HikariPool-1 - Shutdown completed.
2022-12-07 20:46:26,793 INFO org.springframework.boot.StartupInfoLogger [restartedMain] Starting Application on DESKTOP-BQUCFV9 with PID 7964 (started by Paula F Kaminski in C:\Users\Paula F Kaminski\Desktop\DEVinHouse\Módulo 02\Exercícios entregar\semana11\agenda-clamed)
2022-12-07 20:46:26,802 INFO org.springframework.boot.SpringApplication [restartedMain] No active profile set, falling back to default profiles: default
2022-12-07 20:46:26,973 INFO org.springframework.boot.logging.DeferredLog [restartedMain] Devtools property defaults active! Set 'spring.devtools.add-properties' to 'false' to disable
2022-12-07 20:46:26,974 INFO org.springframework.boot.logging.DeferredLog [restartedMain] For additional web related logging consider setting the 'logging.level.web' property to 'DEBUG'
2022-12-07 20:46:28,712 INFO org.springframework.data.repository.config.RepositoryConfigurationDelegate [restartedMain] Bootstrapping Spring Data repositories in DEFAULT mode.
2022-12-07 20:46:28,845 INFO org.springframework.data.repository.config.RepositoryConfigurationDelegate [restartedMain] Finished Spring Data repository scanning in 118ms. Found 1 repository interfaces.
2022-12-07 20:46:29,565 INFO org.springframework.context.support.PostProcessorRegistrationDelegate$BeanPostProcessorChecker [restartedMain] Bean 'org.springframework.transaction.annotation.ProxyTransactionManagementConfiguration' of type [org.springframework.transaction.annotation.ProxyTransactionManagementConfiguration$$EnhancerBySpringCGLIB$$6ff21a30] is not eligible for getting processed by all BeanPostProcessors (for example: not eligible for auto-proxying)
2022-12-07 20:46:30,272 INFO org.springframework.boot.web.embedded.tomcat.TomcatWebServer [restartedMain] Tomcat initialized with port(s): 8000 (http)
2022-12-07 20:46:30,310 INFO org.apache.juli.logging.DirectJDKLog [restartedMain] Starting service [Tomcat]
2022-12-07 20:46:30,311 INFO org.apache.juli.logging.DirectJDKLog [restartedMain] Starting Servlet Engine: Apache Tomcat/9.0.13
2022-12-07 20:46:30,325 INFO org.apache.juli.logging.DirectJDKLog [restartedMain] The APR based Apache Tomcat Native library which allows optimal performance in production environments was not found on the java.library.path: [C:\Users\Paula F Kaminski\.jdks\corretto-17.0.4.1\bin;C:\WINDOWS\Sun\Java\bin;C:\WINDOWS\system32;C:\WINDOWS;C:\Program Files (x86)\Common Files\Oracle\Java\javapath;C:\WINDOWS\system32;C:\WINDOWS;C:\WINDOWS\System32\Wbem;C:\WINDOWS\System32\WindowsPowerShell\v1.0\;C:\WINDOWS\System32\OpenSSH\;C:\Program Files\Git\cmd;C:\Program Files\nodejs\;C:\Users\Paula F Kaminski\AppData\Local\Microsoft\WindowsApps;C:\Users\Paula F Kaminski\AppData\Local\atom\bin;C:\Users\Paula F Kaminski\AppData\Local\Programs\Microsoft VS Code\bin;C:\Users\Paula F Kaminski\AppData\Roaming\npm;C:\Program Files\JetBrains\IntelliJ IDEA 2022.2.2\bin;;.]
2022-12-07 20:46:30,469 INFO org.apache.juli.logging.DirectJDKLog [restartedMain] Initializing Spring embedded WebApplicationContext
2022-12-07 20:46:30,472 INFO org.springframework.boot.web.servlet.context.ServletWebServerApplicationContext [restartedMain] Root WebApplicationContext: initialization completed in 3496 ms
2022-12-07 20:46:30,823 INFO com.zaxxer.hikari.HikariDataSource [restartedMain] HikariPool-1 - Starting...
2022-12-07 20:46:31,247 INFO com.zaxxer.hikari.HikariDataSource [restartedMain] HikariPool-1 - Start completed.
2022-12-07 20:46:31,325 INFO org.hibernate.jpa.internal.util.LogHelper [restartedMain] HHH000204: Processing PersistenceUnitInfo [
	name: default
	...]
2022-12-07 20:46:31,552 INFO org.hibernate.Version [restartedMain] HHH000412: Hibernate Core {5.3.7.Final}
2022-12-07 20:46:31,556 INFO org.hibernate.cfg.Environment [restartedMain] HHH000206: hibernate.properties not found
2022-12-07 20:46:31,921 INFO org.hibernate.annotations.common.reflection.java.JavaReflectionManager [restartedMain] HCANN000001: Hibernate Commons Annotations {5.0.4.Final}
2022-12-07 20:46:32,268 INFO org.hibernate.dialect.Dialect [restartedMain] HHH000400: Using dialect: org.hibernate.dialect.PostgreSQL9Dialect
2022-12-07 20:46:32,298 INFO org.hibernate.engine.jdbc.env.internal.LobCreatorBuilderImpl [restartedMain] HHH000422: Disabling contextual LOB creation as connection was null
2022-12-07 20:46:32,309 INFO org.hibernate.type.BasicTypeRegistry [restartedMain] HHH000270: Type registration [java.util.UUID] overrides previous : org.hibernate.type.UUIDBinaryType@4b58fecd
2022-12-07 20:46:33,350 INFO org.springframework.orm.jpa.AbstractEntityManagerFactoryBean [restartedMain] Initialized JPA EntityManagerFactory for persistence unit 'default'
2022-12-07 20:46:33,399 INFO org.springframework.boot.devtools.autoconfigure.OptionalLiveReloadServer [restartedMain] LiveReload server is running on port 35729
2022-12-07 20:46:33,788 INFO org.hibernate.hql.internal.QueryTranslatorFactoryInitiator [restartedMain] HHH000397: Using ASTQueryTranslatorFactory
2022-12-07 20:46:34,166 INFO org.springframework.scheduling.concurrent.ExecutorConfigurationSupport [restartedMain] Initializing ExecutorService 'applicationTaskExecutor'
2022-12-07 20:46:34,235 WARN org.springframework.boot.autoconfigure.orm.jpa.JpaBaseConfiguration$JpaWebConfiguration$JpaWebMvcConfiguration [restartedMain] spring.jpa.open-in-view is enabled by default. Therefore, database queries may be performed during view rendering. Explicitly configure spring.jpa.open-in-view to disable this warning
2022-12-07 20:46:34,522 INFO org.springframework.boot.web.embedded.tomcat.TomcatWebServer [restartedMain] Tomcat started on port(s): 8000 (http) with context path ''
2022-12-07 20:46:34,527 INFO org.springframework.boot.StartupInfoLogger [restartedMain] Started Application in 8.643 seconds (JVM running for 10.634)
2022-12-07 21:40:03,036 INFO org.springframework.scheduling.concurrent.ExecutorConfigurationSupport [Thread-9] Shutting down ExecutorService 'applicationTaskExecutor'
2022-12-07 21:40:03,039 INFO org.springframework.orm.jpa.AbstractEntityManagerFactoryBean [Thread-9] Closing JPA EntityManagerFactory for persistence unit 'default'
2022-12-07 21:40:03,043 INFO com.zaxxer.hikari.HikariDataSource [Thread-9] HikariPool-1 - Shutdown initiated...
2022-12-07 21:40:03,059 INFO com.zaxxer.hikari.HikariDataSource [Thread-9] HikariPool-1 - Shutdown completed.
